<?xml version="1.0" encoding="UTF-8"?>
<!-- Generated by org.testng.reporters.JUnitReportReporter -->
<testsuite hostname="DESKTOP-UMK9TNG" failures="0" tests="1" name="com.saucedemoTestPack.TC04_verify_applyFilter" time="5.327" errors="0" timestamp="2022-11-12T12:09:57 IST" skipped="0">
  <testcase classname="com.saucedemoTestPack.TC04_verify_applyFilter" name="verifyFilter" time="5.327"/>
  <system-out/>
</testsuite> <!-- com.saucedemoTestPack.TC04_verify_applyFilter -->
